HttpAndImageTest/zxingdemo/build/intermediates/manifest_merge_blame_file/debug/manifest-merger-blame-debug-report.txt
1<?xml version="1.0" encoding="utf-8"?>
2<!--
3 Copyright (C) 2008 ZXing authors
4
5 Licensed under the Apache License, Version 2.0 (the "License");
6 you may not use this file except in compliance with the License.
7 You may obtain a copy of the License at
8
9      http://www.apache.org/licenses/LICENSE-2.0
10
11 Unless required by applicable law or agreed to in writing, software
12 distributed under the License is distributed on an "AS IS" BASIS,
13 WITHOUT WARRANTIES OR CONDITIONS OF ANY KIND, either express or implied.
14 See the License for the specific language governing permissions and
15 limitations under the License.
16-->
17<manifest xmlns:android="http://schemas.android.com/apk/res/android"
18    package="com.google.zxing.client.android"
19    android:installLocation="auto"
20    android:versionCode="108"
21    android:versionName="4.7.8" >
22
23    <uses-sdk
24        android:minSdkVersion="19"
24-->src\main\AndroidManifest.xml
25        android:targetSdkVersion="24" />
25-->src\main\AndroidManifest.xml
26
27    <uses-permission android:name="android.permission.CAMERA" />
27-->src\main\AndroidManifest.xml:23:3-62
27-->src\main\AndroidManifest.xml:23:20-60
28    <uses-permission android:name="android.permission.INTERNET" />
28-->src\main\AndroidManifest.xml:24:3-64
28-->src\main\AndroidManifest.xml:24:20-62
29    <uses-permission android:name="android.permission.VIBRATE" />
29-->src\main\AndroidManifest.xml:25:3-63
29-->src\main\AndroidManifest.xml:25:20-61
30    <uses-permission android:name="android.permission.FLASHLIGHT" />
30-->src\main\AndroidManifest.xml:26:3-66
30-->src\main\AndroidManifest.xml:26:20-64
31    <uses-permission android:name="android.permission.READ_CONTACTS" />
31-->src\main\AndroidManifest.xml:27:3-69
31-->src\main\AndroidManifest.xml:27:20-67
32    <!-- unavailable in API 23 -->
33    <uses-permission android:name="com.android.browser.permission.READ_HISTORY_BOOKMARKS" />
33-->src\main\AndroidManifest.xml:29:3-90
33-->src\main\AndroidManifest.xml:29:20-88
34    <uses-permission android:name="android.permission.WRITE_EXTERNAL_STORAGE" />
34-->src\main\AndroidManifest.xml:30:3-78
34-->src\main\AndroidManifest.xml:30:20-76
35    <uses-permission android:name="android.permission.CHANGE_WIFI_STATE" />
35-->src\main\AndroidManifest.xml:31:3-73
35-->src\main\AndroidManifest.xml:31:20-71
36    <uses-permission android:name="android.permission.ACCESS_WIFI_STATE" />
36-->src\main\AndroidManifest.xml:32:3-73
36-->src\main\AndroidManifest.xml:32:20-71
37
38    <uses-feature android:name="android.hardware.camera.any" />
38-->src\main\AndroidManifest.xml:35:3-61
38-->src\main\AndroidManifest.xml:35:17-59
39    <uses-feature
39-->src\main\AndroidManifest.xml:36:3-92
40        android:name="android.hardware.camera.autofocus"
40-->src\main\AndroidManifest.xml:36:17-65
41        android:required="false" />
41-->src\main\AndroidManifest.xml:36:66-90
42    <uses-feature
42-->src\main\AndroidManifest.xml:37:3-88
43        android:name="android.hardware.camera.flash"
43-->src\main\AndroidManifest.xml:37:17-61
44        android:required="false" />
44-->src\main\AndroidManifest.xml:37:62-86
45    <uses-feature android:name="android.hardware.screen.landscape" />
45-->src\main\AndroidManifest.xml:38:3-67
45-->src\main\AndroidManifest.xml:38:17-65
46    <uses-feature
46-->src\main\AndroidManifest.xml:39:3-80
47        android:name="android.hardware.wifi"
47-->src\main\AndroidManifest.xml:39:17-53
48        android:required="false" />
48-->src\main\AndroidManifest.xml:39:54-78
49
50    <application
50-->src\main\AndroidManifest.xml:41:3-140:17
51        android:allowBackup="true"
51-->src\main\AndroidManifest.xml:44:16-42
52        android:appComponentFactory="android.support.v4.app.CoreComponentFactory"
52-->[com.android.support:support-compat:28.0.0] AndroidManifest.xml:22:18-91
53        android:debuggable="true"
54        android:icon="@drawable/launcher_icon"
54-->src\main\AndroidManifest.xml:41:16-54
55        android:label="@string/app_name"
55-->src\main\AndroidManifest.xml:43:16-48
56        android:logo="@drawable/launcher_icon" >
56-->src\main\AndroidManifest.xml:42:16-54
57        <activity
57-->src\main\AndroidManifest.xml:45:5-87:16
58            android:name="com.google.zxing.client.android.CaptureActivity"
58-->src\main\AndroidManifest.xml:45:15-46
59            android:clearTaskOnLaunch="true"
59-->src\main\AndroidManifest.xml:47:15-47
60            android:screenOrientation="sensorLandscape"
60-->src\main\AndroidManifest.xml:46:15-58
61            android:stateNotNeeded="true"
61-->src\main\AndroidManifest.xml:48:15-44
62            android:theme="@style/CaptureTheme"
62-->src\main\AndroidManifest.xml:49:15-50
63            android:windowSoftInputMode="stateAlwaysHidden" >
63-->src\main\AndroidManifest.xml:50:15-62
64            <intent-filter>
64-->src\main\AndroidManifest.xml:51:7-54:23
65                <action android:name="android.intent.action.MAIN" />
65-->src\main\AndroidManifest.xml:52:9-60
65-->src\main\AndroidManifest.xml:52:17-58
66
67                <category android:name="android.intent.category.LAUNCHER" />
67-->src\main\AndroidManifest.xml:53:9-68
67-->src\main\AndroidManifest.xml:53:19-66
68            </intent-filter>
69            <intent-filter>
69-->src\main\AndroidManifest.xml:55:7-58:23
70                <action android:name="com.google.zxing.client.android.SCAN" />
70-->src\main\AndroidManifest.xml:56:9-70
70-->src\main\AndroidManifest.xml:56:17-68
71
72                <category android:name="android.intent.category.DEFAULT" />
72-->src\main\AndroidManifest.xml:57:9-67
72-->src\main\AndroidManifest.xml:57:19-65
73            </intent-filter>
74            <!-- Allow web apps to launch Barcode Scanner by linking to http://zxing.appspot.com/scan. -->
75            <intent-filter>
75-->src\main\AndroidManifest.xml:60:7-65:23
76                <action android:name="android.intent.action.VIEW" />
76-->src\main\AndroidManifest.xml:61:9-60
76-->src\main\AndroidManifest.xml:61:17-58
77
78                <category android:name="android.intent.category.DEFAULT" />
78-->src\main\AndroidManifest.xml:57:9-67
78-->src\main\AndroidManifest.xml:57:19-65
79                <category android:name="android.intent.category.BROWSABLE" />
79-->src\main\AndroidManifest.xml:63:9-69
79-->src\main\AndroidManifest.xml:63:19-67
80
81                <data
81-->src\main\AndroidManifest.xml:64:9-92
82                    android:host="zxing.appspot.com"
82-->src\main\AndroidManifest.xml:64:37-69
83                    android:path="/scan"
83-->src\main\AndroidManifest.xml:64:70-90
84                    android:scheme="http" />
84-->src\main\AndroidManifest.xml:64:15-36
85            </intent-filter>
86            <!-- We also support a Google Product Search URL. -->
87            <intent-filter>
87-->src\main\AndroidManifest.xml:67:7-72:23
88                <action android:name="android.intent.action.VIEW" />
88-->src\main\AndroidManifest.xml:61:9-60
88-->src\main\AndroidManifest.xml:61:17-58
89
90                <category android:name="android.intent.category.DEFAULT" />
90-->src\main\AndroidManifest.xml:57:9-67
90-->src\main\AndroidManifest.xml:57:19-65
91                <category android:name="android.intent.category.BROWSABLE" />
91-->src\main\AndroidManifest.xml:63:9-69
91-->src\main\AndroidManifest.xml:63:19-67
92
93                <data
93-->src\main\AndroidManifest.xml:64:9-92
94                    android:host="www.google.com"
94-->src\main\AndroidManifest.xml:64:37-69
95                    android:path="/m/products/scan"
95-->src\main\AndroidManifest.xml:64:70-90
96                    android:scheme="http" />
96-->src\main\AndroidManifest.xml:64:15-36
97            </intent-filter>
98            <!-- And the UK version. -->
99            <intent-filter>
99-->src\main\AndroidManifest.xml:74:7-79:23
100                <action android:name="android.intent.action.VIEW" />
100-->src\main\AndroidManifest.xml:61:9-60
100-->src\main\AndroidManifest.xml:61:17-58
101
102                <category android:name="android.intent.category.DEFAULT" />
102-->src\main\AndroidManifest.xml:57:9-67
102-->src\main\AndroidManifest.xml:57:19-65
103                <category android:name="android.intent.category.BROWSABLE" />
103-->src\main\AndroidManifest.xml:63:9-69
103-->src\main\AndroidManifest.xml:63:19-67
104
105                <data
105-->src\main\AndroidManifest.xml:64:9-92
106                    android:host="www.google.co.uk"
106-->src\main\AndroidManifest.xml:64:37-69
107                    android:path="/m/products/scan"
107-->src\main\AndroidManifest.xml:64:70-90
108                    android:scheme="http" />
108-->src\main\AndroidManifest.xml:64:15-36
109            </intent-filter>
110            <!-- Support zxing://scan/?... like iPhone app -->
111            <intent-filter>
111-->src\main\AndroidManifest.xml:81:7-86:23
112                <action android:name="android.intent.action.VIEW" />
112-->src\main\AndroidManifest.xml:61:9-60
112-->src\main\AndroidManifest.xml:61:17-58
113
114                <category android:name="android.intent.category.DEFAULT" />
114-->src\main\AndroidManifest.xml:57:9-67
114-->src\main\AndroidManifest.xml:57:19-65
115                <category android:name="android.intent.category.BROWSABLE" />
115-->src\main\AndroidManifest.xml:63:9-69
115-->src\main\AndroidManifest.xml:63:19-67
116
117                <data
117-->src\main\AndroidManifest.xml:64:9-92
118                    android:host="scan"
118-->src\main\AndroidManifest.xml:64:37-69
119                    android:path="/"
119-->src\main\AndroidManifest.xml:64:70-90
120                    android:scheme="zxing" />
120-->src\main\AndroidManifest.xml:64:15-36
121            </intent-filter>
122        </activity>
123        <activity
123-->src\main\AndroidManifest.xml:88:5-90:46
124            android:name="com.google.zxing.client.android.PreferencesActivity"
124-->src\main\AndroidManifest.xml:88:15-50
125            android:label="@string/preferences_name"
125-->src\main\AndroidManifest.xml:89:15-55
126            android:stateNotNeeded="true" />
126-->src\main\AndroidManifest.xml:90:15-44
127        <activity
127-->src\main\AndroidManifest.xml:91:5-109:16
128            android:name="com.google.zxing.client.android.encode.EncodeActivity"
128-->src\main\AndroidManifest.xml:91:15-52
129            android:stateNotNeeded="true" >
129-->src\main\AndroidManifest.xml:92:15-44
130            <intent-filter>
130-->src\main\AndroidManifest.xml:93:7-96:23
131                <action android:name="com.google.zxing.client.android.ENCODE" />
131-->src\main\AndroidManifest.xml:94:9-72
131-->src\main\AndroidManifest.xml:94:17-70
132
133                <category android:name="android.intent.category.DEFAULT" />
133-->src\main\AndroidManifest.xml:57:9-67
133-->src\main\AndroidManifest.xml:57:19-65
134            </intent-filter>
135            <!-- This allows us to handle the Share button in Contacts. -->
136            <intent-filter>
136-->src\main\AndroidManifest.xml:98:7-102:23
137                <action android:name="android.intent.action.SEND" />
137-->src\main\AndroidManifest.xml:99:9-60
137-->src\main\AndroidManifest.xml:99:17-58
138
139                <category android:name="android.intent.category.DEFAULT" />
139-->src\main\AndroidManifest.xml:57:9-67
139-->src\main\AndroidManifest.xml:57:19-65
140
141                <data android:mimeType="text/x-vcard" />
141-->src\main\AndroidManifest.xml:64:9-92
141-->src\main\AndroidManifest.xml:101:15-46
142            </intent-filter>
143            <!-- This allows us to handle sharing any plain text . -->
144            <intent-filter>
144-->src\main\AndroidManifest.xml:104:7-108:23
145                <action android:name="android.intent.action.SEND" />
145-->src\main\AndroidManifest.xml:99:9-60
145-->src\main\AndroidManifest.xml:99:17-58
146
147                <category android:name="android.intent.category.DEFAULT" />
147-->src\main\AndroidManifest.xml:57:9-67
147-->src\main\AndroidManifest.xml:57:19-65
148
149                <data android:mimeType="text/plain" />
149-->src\main\AndroidManifest.xml:64:9-92
149-->src\main\AndroidManifest.xml:101:15-46
150            </intent-filter>
151        </activity>
152        <activity
152-->src\main\AndroidManifest.xml:110:5-118:16
153            android:name="com.google.zxing.client.android.book.SearchBookContentsActivity"
153-->src\main\AndroidManifest.xml:110:15-62
154            android:label="@string/sbc_name"
154-->src\main\AndroidManifest.xml:111:15-47
155            android:screenOrientation="sensorLandscape"
155-->src\main\AndroidManifest.xml:113:15-58
156            android:stateNotNeeded="true" >
156-->src\main\AndroidManifest.xml:112:15-44
157            <intent-filter>
157-->src\main\AndroidManifest.xml:114:7-117:23
158                <action android:name="com.google.zxing.client.android.SEARCH_BOOK_CONTENTS" />
158-->src\main\AndroidManifest.xml:115:9-86
158-->src\main\AndroidManifest.xml:115:17-84
159
160                <category android:name="android.intent.category.DEFAULT" />
160-->src\main\AndroidManifest.xml:57:9-67
160-->src\main\AndroidManifest.xml:57:19-65
161            </intent-filter>
162        </activity>
163        <activity
163-->src\main\AndroidManifest.xml:119:5-126:16
164            android:name="com.google.zxing.client.android.share.ShareActivity"
164-->src\main\AndroidManifest.xml:119:15-50
165            android:screenOrientation="user"
165-->src\main\AndroidManifest.xml:121:15-47
166            android:stateNotNeeded="true" >
166-->src\main\AndroidManifest.xml:120:15-44
167            <intent-filter>
167-->src\main\AndroidManifest.xml:122:7-125:23
168                <action android:name="com.google.zxing.client.android.SHARE" />
168-->src\main\AndroidManifest.xml:123:9-71
168-->src\main\AndroidManifest.xml:123:17-69
169
170                <category android:name="android.intent.category.DEFAULT" />
170-->src\main\AndroidManifest.xml:57:9-67
170-->src\main\AndroidManifest.xml:57:19-65
171            </intent-filter>
172        </activity>
173        <activity
173-->src\main\AndroidManifest.xml:127:5-129:46
174            android:name="com.google.zxing.client.android.history.HistoryActivity"
174-->src\main\AndroidManifest.xml:127:15-54
175            android:label="@string/history_title"
175-->src\main\AndroidManifest.xml:128:15-52
176            android:stateNotNeeded="true" />
176-->src\main\AndroidManifest.xml:129:15-44
177        <activity
177-->src\main\AndroidManifest.xml:130:5-132:46
178            android:name="com.google.zxing.client.android.share.BookmarkPickerActivity"
178-->src\main\AndroidManifest.xml:130:15-59
179            android:label="@string/bookmark_picker_name"
179-->src\main\AndroidManifest.xml:131:15-59
180            android:stateNotNeeded="true" />
180-->src\main\AndroidManifest.xml:132:15-44
181        <activity
181-->src\main\AndroidManifest.xml:133:5-135:46
182            android:name="com.google.zxing.client.android.share.AppPickerActivity"
182-->src\main\AndroidManifest.xml:133:15-54
183            android:label="@string/app_picker_name"
183-->src\main\AndroidManifest.xml:134:15-54
184            android:stateNotNeeded="true" />
184-->src\main\AndroidManifest.xml:135:15-44
185        <activity
185-->src\main\AndroidManifest.xml:136:5-139:46
186            android:name="com.google.zxing.client.android.HelpActivity"
186-->src\main\AndroidManifest.xml:136:15-43
187            android:label="@string/menu_help"
187-->src\main\AndroidManifest.xml:137:15-48
188            android:screenOrientation="user"
188-->src\main\AndroidManifest.xml:138:15-47
189            android:stateNotNeeded="true" />
189-->src\main\AndroidManifest.xml:139:15-44
190    </application>
191
192</manifest>